<?xml version="1.0" encoding="UTF-8"?>
<!-- Generated by org.testng.reporters.JUnitReportReporter -->
<testsuite hostname="DESKTOP-GE4QGGA" failures="0" tests="4" name="testcases.Login" time="5.505" errors="0" timestamp="2024-07-27T16:22:50 IST" skipped="3">
  <testcase classname="testcases.Login" name="sign_in" time="5.505"/>
  <testcase classname="testcases.Login" name="sign_out">
    <skipped/>
  </testcase> <!-- sign_out -->
  <testcase classname="testcases.Login" name="create_account">
    <skipped/>
  </testcase> <!-- create_account -->
  <testcase classname="testcases.Login" name="LaunchURL">
    <skipped/>
  </testcase> <!-- LaunchURL -->
</testsuite> <!-- testcases.Login -->
