<?xml version="1.0" encoding="UTF-8"?>
<!-- Generated by org.testng.reporters.JUnitReportReporter -->
<testsuite hostname="DESKTOP-GE4QGGA" failures="0" tests="3" name="testcases.Login" time="5.950" errors="0" timestamp="2024-07-29T17:58:08 IST" skipped="2">
  <testcase classname="testcases.Login" name="sign_in" time="5.950"/>
  <testcase classname="testcases.Login" name="create_account">
    <skipped/>
  </testcase> <!-- create_account -->
  <testcase classname="testcases.Login" name="sign_out">
    <skipped/>
  </testcase> <!-- sign_out -->
</testsuite> <!-- testcases.Login -->
