<?xml version="1.0" encoding="UTF-8"?>
<!-- Generated by org.testng.reporters.JUnitReportReporter -->
<testsuite hostname="DESKTOP-GE4QGGA" failures="0" tests="3" name="testcases.Login" time="19.403" errors="0" timestamp="2024-07-26T12:18:47 IST" skipped="2">
  <testcase classname="testcases.Login" name="sign_in" time="19.403"/>
  <testcase classname="testcases.Login" name="sign_out">
    <skipped/>
  </testcase> <!-- sign_out -->
  <testcase classname="testcases.Login" name="create_account">
    <skipped/>
  </testcase> <!-- create_account -->
</testsuite> <!-- testcases.Login -->
