<?xml version="1.0" encoding="UTF-8"?>
<!-- Generated by org.testng.reporters.JUnitReportReporter -->
<testsuite hostname="DESKTOP-GE4QGGA" failures="0" tests="5" name="testcases.SearchItems" time="29.760" errors="0" timestamp="2024-07-28T18:50:59 IST" skipped="4">
  <testcase classname="testcases.SearchItems" name="add_item_to_wishlist" time="29.760"/>
  <testcase classname="testcases.SearchItems" name="search_items">
    <skipped/>
  </testcase> <!-- search_items -->
  <testcase classname="testcases.SearchItems" name="checkout_items_in_cart">
    <skipped/>
  </testcase> <!-- checkout_items_in_cart -->
  <testcase classname="testcases.SearchItems" name="add_item_to_cart">
    <skipped/>
  </testcase> <!-- add_item_to_cart -->
  <testcase classname="testcases.SearchItems" name="get_items_in_cart">
    <skipped/>
  </testcase> <!-- get_items_in_cart -->
</testsuite> <!-- testcases.SearchItems -->
