<?xml version="1.0" encoding="UTF-8"?>
<!-- Generated by org.testng.reporters.JUnitReportReporter -->
<testsuite hostname="DESKTOP-GE4QGGA" failures="0" tests="3" name="testcases.Login" time="3.956" errors="0" timestamp="2024-08-01T16:57:22 IST" skipped="2">
  <testcase classname="testcases.Login" name="sign_in_TC002" time="3.956"/>
  <testcase classname="testcases.Login" name="create_account_TC001">
    <skipped/>
  </testcase> <!-- create_account_TC001 -->
  <testcase classname="testcases.Login" name="sign_out_TC003">
    <skipped/>
  </testcase> <!-- sign_out_TC003 -->
</testsuite> <!-- testcases.Login -->
