<?xml version="1.0" encoding="UTF-8"?>
<!-- Generated by org.testng.reporters.JUnitReportReporter -->
<testsuite hostname="DESKTOP-GE4QGGA" failures="0" tests="3" name="testcases.Login" time="4.053" errors="0" timestamp="2024-07-30T14:39:11 IST" skipped="2">
  <testcase classname="testcases.Login" name="sign_in_TC002" time="4.053"/>
  <testcase classname="testcases.Login" name="create_account_TC001">
    <skipped/>
  </testcase> <!-- create_account_TC001 -->
  <testcase classname="testcases.Login" name="sign_out_TC003">
    <skipped/>
  </testcase> <!-- sign_out_TC003 -->
</testsuite> <!-- testcases.Login -->
