<?xml version="1.0" encoding="UTF-8"?>
<!-- Generated by org.testng.reporters.JUnitReportReporter -->
<testsuite hostname="DESKTOP-GE4QGGA" failures="0" tests="1" name="testcases.TestAddress" time="0.044" errors="0" timestamp="2024-08-01T11:24:46 IST" skipped="0">
  <testcase classname="testcases.TestAddress" name="test_address" time="0.044"/>
</testsuite> <!-- testcases.TestAddress -->
