<?xml version="1.0" encoding="UTF-8"?>
<!-- Generated by org.testng.reporters.JUnitReportReporter -->
<testsuite hostname="DESKTOP-GE4QGGA" failures="0" tests="3" name="testcases.SearchItems" time="4.835" errors="0" timestamp="2024-07-27T16:22:50 IST" skipped="2">
  <testcase classname="testcases.SearchItems" name="get_items_in_cart" time="4.835"/>
  <testcase classname="testcases.SearchItems" name="add_item_to_cart">
    <skipped/>
  </testcase> <!-- add_item_to_cart -->
  <testcase classname="testcases.SearchItems" name="checkout_items_in_cart">
    <skipped/>
  </testcase> <!-- checkout_items_in_cart -->
</testsuite> <!-- testcases.SearchItems -->
